Collecting gitpython>=3.1.30 (from -r requirements.txt (line 5))
  Downloading GitPython-3.1.43-py3-none-any.whl.metadata (13 kB)
Collecting matplotlib>=3.3 (from -r requirements.txt (line 6))
  Downloading matplotlib-3.9.1-cp39-cp39-win_amd64.whl.metadata (11 kB)
Collecting numpy>=1.23.5 (from -r requirements.txt (line 7))
  Downloading numpy-2.0.0-cp39-cp39-win_amd64.whl.metadata (60 kB)
     ---------------------------------------- 60.9/60.9 kB 1.1 MB/s eta 0:00:00
Collecting opencv-python>=4.1.1 (from -r requirements.txt (line 8))
  Downloading opencv_python-4.10.0.84-cp37-abi3-win_amd64.whl.metadata (20 kB)
Collecting pillow>=10.3.0 (from -r requirements.txt (line 9))
  Downloading pillow-10.4.0-cp39-cp39-win_amd64.whl.metadata (9.3 kB)
Collecting psutil (from -r requirements.txt (line 10))
  Downloading psutil-6.0.0-cp37-abi3-win_amd64.whl.metadata (22 kB)
Collecting PyYAML>=5.3.1 (from -r requirements.txt (line 11))
  Downloading PyYAML-6.0.1-cp39-cp39-win_amd64.whl.metadata (2.1 kB)
Collecting requests>=2.32.0 (from -r requirements.txt (line 12))
  Downloading requests-2.32.3-py3-none-any.whl.metadata (4.6 kB)
Collecting scipy>=1.4.1 (from -r requirements.txt (line 13))
  Downloading scipy-1.13.1-cp39-cp39-win_amd64.whl.metadata (60 kB)
     ---------------------------------------- 60.6/60.6 kB 3.1 MB/s eta 0:00:00
Collecting thop>=0.1.1 (from -r requirements.txt (line 14))
  Using cached thop-0.1.1.post2209072238-py3-none-any.whl.metadata (2.7 kB)
Collecting torch>=1.8.0 (from -r requirements.txt (line 15))
  Downloading torch-2.3.1-cp39-cp39-win_amd64.whl.metadata (26 kB)
Collecting torchvision>=0.9.0 (from -r requirements.txt (line 16))
  Downloading torchvision-0.18.1-cp39-cp39-win_amd64.whl.metadata (6.6 kB)
Collecting tqdm>=4.64.0 (from -r requirements.txt (line 17))
  Using cached tqdm-4.66.4-py3-none-any.whl.metadata (57 kB)
Collecting ultralytics>=8.2.34 (from -r requirements.txt (line 18))
  Downloading ultralytics-8.2.54-py3-none-any.whl.metadata (41 kB)
     ---------------------------------------- 41.2/41.2 kB ? eta 0:00:00
Collecting pandas>=1.1.4 (from -r requirements.txt (line 27))
  Downloading pandas-2.2.2-cp39-cp39-win_amd64.whl.metadata (19 kB)
Collecting seaborn>=0.11.0 (from -r requirements.txt (line 28))
  Using cached seaborn-0.13.2-py3-none-any.whl.metadata (5.4 kB)
Requirement already satisfied: setuptools>=65.5.1 in c:\users\stavo\anaconda3\envs\lesson20\lib\site-packages (from -r requirements.txt (line 42)) (69.5.1)
Collecting gitdb<5,>=4.0.1 (from gitpython>=3.1.30->-r requirements.txt (line 5))
  Downloading gitdb-4.0.11-py3-none-any.whl.metadata (1.2 kB)
Collecting contourpy>=1.0.1 (from matplotlib>=3.3->-r requirements.txt (line 6))
  Downloading contourpy-1.2.1-cp39-cp39-win_amd64.whl.metadata (5.8 kB)
Collecting cycler>=0.10 (from matplotlib>=3.3->-r requirements.txt (line 6))
  Using cached cycler-0.12.1-py3-none-any.whl.metadata (3.8 kB)
Collecting fonttools>=4.22.0 (from matplotlib>=3.3->-r requirements.txt (line 6))
  Downloading fonttools-4.53.1-cp39-cp39-win_amd64.whl.metadata (165 kB)
     -------------------------------------- 165.9/165.9 kB 2.5 MB/s eta 0:00:00
Collecting kiwisolver>=1.3.1 (from matplotlib>=3.3->-r requirements.txt (line 6))
  Downloading kiwisolver-1.4.5-cp39-cp39-win_amd64.whl.metadata (6.5 kB)
Collecting packaging>=20.0 (from matplotlib>=3.3->-r requirements.txt (line 6))
  Using cached packaging-24.1-py3-none-any.whl.metadata (3.2 kB)
Collecting pyparsing>=2.3.1 (from matplotlib>=3.3->-r requirements.txt (line 6))
  Using cached pyparsing-3.1.2-py3-none-any.whl.metadata (5.1 kB)
Collecting python-dateutil>=2.7 (from matplotlib>=3.3->-r requirements.txt (line 6))
  Using cached python_dateutil-2.9.0.post0-py2.py3-none-any.whl.metadata (8.4 kB)
Collecting importlib-resources>=3.2.0 (from matplotlib>=3.3->-r requirements.txt (line 6))
  Downloading importlib_resources-6.4.0-py3-none-any.whl.metadata (3.9 kB)
Collecting charset-normalizer<4,>=2 (from requests>=2.32.0->-r requirements.txt (line 12))
  Downloading charset_normalizer-3.3.2-cp39-cp39-win_amd64.whl.metadata (34 kB)
Collecting idna<4,>=2.5 (from requests>=2.32.0->-r requirements.txt (line 12))
  Using cached idna-3.7-py3-none-any.whl.metadata (9.9 kB)
Collecting urllib3<3,>=1.21.1 (from requests>=2.32.0->-r requirements.txt (line 12))
  Downloading urllib3-2.2.2-py3-none-any.whl.metadata (6.4 kB)
Collecting certifi>=2017.4.17 (from requests>=2.32.0->-r requirements.txt (line 12))
  Downloading certifi-2024.7.4-py3-none-any.whl.metadata (2.2 kB)
Collecting filelock (from torch>=1.8.0->-r requirements.txt (line 15))
  Downloading filelock-3.15.4-py3-none-any.whl.metadata (2.9 kB)
Collecting typing-extensions>=4.8.0 (from torch>=1.8.0->-r requirements.txt (line 15))
  Using cached typing_extensions-4.12.2-py3-none-any.whl.metadata (3.0 kB)
Collecting sympy (from torch>=1.8.0->-r requirements.txt (line 15))
  Downloading sympy-1.13.0-py3-none-any.whl.metadata (12 kB)
Collecting networkx (from torch>=1.8.0->-r requirements.txt (line 15))
  Using cached networkx-3.2.1-py3-none-any.whl.metadata (5.2 kB)
Collecting jinja2 (from torch>=1.8.0->-r requirements.txt (line 15))
  Downloading jinja2-3.1.4-py3-none-any.whl.metadata (2.6 kB)
Collecting fsspec (from torch>=1.8.0->-r requirements.txt (line 15))
  Downloading fsspec-2024.6.1-py3-none-any.whl.metadata (11 kB)
Collecting mkl<=2021.4.0,>=2021.1.1 (from torch>=1.8.0->-r requirements.txt (line 15))
  Downloading mkl-2021.4.0-py2.py3-none-win_amd64.whl.metadata (1.4 kB)
Collecting colorama (from tqdm>=4.64.0->-r requirements.txt (line 17))
  Using cached colorama-0.4.6-py2.py3-none-any.whl.metadata (17 kB)
Collecting numpy>=1.23.5 (from -r requirements.txt (line 7))
  Downloading numpy-1.26.4-cp39-cp39-win_amd64.whl.metadata (61 kB)
     ---------------------------------------- 61.0/61.0 kB 3.2 MB/s eta 0:00:00
Collecting py-cpuinfo (from ultralytics>=8.2.34->-r requirements.txt (line 18))
  Using cached py_cpuinfo-9.0.0-py3-none-any.whl.metadata (794 bytes)
Collecting ultralytics-thop>=2.0.0 (from ultralytics>=8.2.34->-r requirements.txt (line 18))
  Downloading ultralytics_thop-2.0.0-py3-none-any.whl.metadata (8.5 kB)
Collecting pytz>=2020.1 (from pandas>=1.1.4->-r requirements.txt (line 27))
  Using cached pytz-2024.1-py2.py3-none-any.whl.metadata (22 kB)
Collecting tzdata>=2022.7 (from pandas>=1.1.4->-r requirements.txt (line 27))
  Using cached tzdata-2024.1-py2.py3-none-any.whl.metadata (1.4 kB)
Collecting smmap<6,>=3.0.1 (from gitdb<5,>=4.0.1->gitpython>=3.1.30->-r requirements.txt (line 5))
  Downloading smmap-5.0.1-py3-none-any.whl.metadata (4.3 kB)
Collecting zipp>=3.1.0 (from importlib-resources>=3.2.0->matplotlib>=3.3->-r requirements.txt (line 6))
  Downloading zipp-3.19.2-py3-none-any.whl.metadata (3.6 kB)
Collecting intel-openmp==2021.* (from mkl<=2021.4.0,>=2021.1.1->torch>=1.8.0->-r requirements.txt (line 15))
  Downloading intel_openmp-2021.4.0-py2.py3-none-win_amd64.whl.metadata (1.2 kB)
Collecting tbb==2021.* (from mkl<=2021.4.0,>=2021.1.1->torch>=1.8.0->-r requirements.txt (line 15))
  Downloading tbb-2021.13.0-py3-none-win_amd64.whl.metadata (1.1 kB)
Collecting six>=1.5 (from python-dateutil>=2.7->matplotlib>=3.3->-r requirements.txt (line 6))
  Using cached six-1.16.0-py2.py3-none-any.whl.metadata (1.8 kB)
Collecting MarkupSafe>=2.0 (from jinja2->torch>=1.8.0->-r requirements.txt (line 15))
  Downloading MarkupSafe-2.1.5-cp39-cp39-win_amd64.whl.metadata (3.1 kB)
Collecting mpmath<1.4,>=1.1.0 (from sympy->torch>=1.8.0->-r requirements.txt (line 15))
  Using cached mpmath-1.3.0-py3-none-any.whl.metadata (8.6 kB)
Downloading GitPython-3.1.43-py3-none-any.whl (207 kB)
   ---------------------------------------- 207.3/207.3 kB 2.1 MB/s eta 0:00:00
Downloading matplotlib-3.9.1-cp39-cp39-win_amd64.whl (8.0 MB)
   ---------------------------------------- 8.0/8.0 MB 2.2 MB/s eta 0:00:00
Downloading opencv_python-4.10.0.84-cp37-abi3-win_amd64.whl (38.8 MB)
   ---------------------------------------- 38.8/38.8 MB 4.0 MB/s eta 0:00:00
Downloading pillow-10.4.0-cp39-cp39-win_amd64.whl (2.6 MB)
   ---------------------------------------- 2.6/2.6 MB 2.6 MB/s eta 0:00:00
Downloading psutil-6.0.0-cp37-abi3-win_amd64.whl (257 kB)
   ---------------------------------------- 257.4/257.4 kB 3.2 MB/s eta 0:00:00
Downloading PyYAML-6.0.1-cp39-cp39-win_amd64.whl (152 kB)
   ---------------------------------------- 152.8/152.8 kB 4.5 MB/s eta 0:00:00
Downloading requests-2.32.3-py3-none-any.whl (64 kB)
   ---------------------------------------- 64.9/64.9 kB 3.4 MB/s eta 0:00:00
Downloading scipy-1.13.1-cp39-cp39-win_amd64.whl (46.2 MB)
   ---------------------------------------- 46.2/46.2 MB 3.3 MB/s eta 0:00:00
Using cached thop-0.1.1.post2209072238-py3-none-any.whl (15 kB)
Downloading torch-2.3.1-cp39-cp39-win_amd64.whl (159.7 MB)
   ---------------------------------------- 159.7/159.7 MB 3.0 MB/s eta 0:00:00
Downloading torchvision-0.18.1-cp39-cp39-win_amd64.whl (1.2 MB)
   ---------------------------------------- 1.2/1.2 MB 3.1 MB/s eta 0:00:00
Using cached tqdm-4.66.4-py3-none-any.whl (78 kB)
Downloading ultralytics-8.2.54-py3-none-any.whl (800 kB)
   ---------------------------------------- 800.1/800.1 kB 3.6 MB/s eta 0:00:00
Downloading numpy-1.26.4-cp39-cp39-win_amd64.whl (15.8 MB)
   ---------------------------------------- 15.8/15.8 MB 3.2 MB/s eta 0:00:00
Downloading pandas-2.2.2-cp39-cp39-win_amd64.whl (11.6 MB)
   ---------------------------------------- 11.6/11.6 MB 3.1 MB/s eta 0:00:00
Using cached seaborn-0.13.2-py3-none-any.whl (294 kB)
Downloading certifi-2024.7.4-py3-none-any.whl (162 kB)
   ---------------------------------------- 163.0/163.0 kB 2.4 MB/s eta 0:00:00
Downloading charset_normalizer-3.3.2-cp39-cp39-win_amd64.whl (100 kB)
   ---------------------------------------- 100.4/100.4 kB 2.9 MB/s eta 0:00:00
Downloading contourpy-1.2.1-cp39-cp39-win_amd64.whl (182 kB)
   ---------------------------------------- 182.8/182.8 kB 3.7 MB/s eta 0:00:00
Using cached cycler-0.12.1-py3-none-any.whl (8.3 kB)
Downloading fonttools-4.53.1-cp39-cp39-win_amd64.whl (2.2 MB)
   ---------------------------------------- 2.2/2.2 MB 3.1 MB/s eta 0:00:00
Downloading gitdb-4.0.11-py3-none-any.whl (62 kB)
   ---------------------------------------- 62.7/62.7 kB 3.3 MB/s eta 0:00:00
Using cached idna-3.7-py3-none-any.whl (66 kB)
Downloading importlib_resources-6.4.0-py3-none-any.whl (38 kB)
Downloading kiwisolver-1.4.5-cp39-cp39-win_amd64.whl (56 kB)
   ---------------------------------------- 56.2/56.2 kB 2.9 MB/s eta 0:00:00
Downloading mkl-2021.4.0-py2.py3-none-win_amd64.whl (228.5 MB)
   ---------------------------------------- 228.5/228.5 MB 2.9 MB/s eta 0:00:00
Downloading intel_openmp-2021.4.0-py2.py3-none-win_amd64.whl (3.5 MB)
   ---------------------------------------- 3.5/3.5 MB 3.3 MB/s eta 0:00:00
Downloading tbb-2021.13.0-py3-none-win_amd64.whl (286 kB)
   ---------------------------------------- 286.9/286.9 kB 3.5 MB/s eta 0:00:00
Using cached packaging-24.1-py3-none-any.whl (53 kB)
Using cached pyparsing-3.1.2-py3-none-any.whl (103 kB)
Using cached python_dateutil-2.9.0.post0-py2.py3-none-any.whl (229 kB)
Using cached pytz-2024.1-py2.py3-none-any.whl (505 kB)
Using cached typing_extensions-4.12.2-py3-none-any.whl (37 kB)
Using cached tzdata-2024.1-py2.py3-none-any.whl (345 kB)
Downloading ultralytics_thop-2.0.0-py3-none-any.whl (25 kB)
Downloading urllib3-2.2.2-py3-none-any.whl (121 kB)
   ---------------------------------------- 121.4/121.4 kB 3.6 MB/s eta 0:00:00
Using cached colorama-0.4.6-py2.py3-none-any.whl (25 kB)
Downloading filelock-3.15.4-py3-none-any.whl (16 kB)
Downloading fsspec-2024.6.1-py3-none-any.whl (177 kB)
   ---------------------------------------- 177.6/177.6 kB 5.4 MB/s eta 0:00:00
Downloading jinja2-3.1.4-py3-none-any.whl (133 kB)
   ---------------------------------------- 133.3/133.3 kB 2.6 MB/s eta 0:00:00
Using cached networkx-3.2.1-py3-none-any.whl (1.6 MB)
Using cached py_cpuinfo-9.0.0-py3-none-any.whl (22 kB)
Downloading sympy-1.13.0-py3-none-any.whl (6.2 MB)
   ---------------------------------------- 6.2/6.2 MB 3.1 MB/s eta 0:00:00
Downloading MarkupSafe-2.1.5-cp39-cp39-win_amd64.whl (17 kB)
Using cached mpmath-1.3.0-py3-none-any.whl (536 kB)
Using cached six-1.16.0-py2.py3-none-any.whl (11 kB)
Downloading smmap-5.0.1-py3-none-any.whl (24 kB)
Downloading zipp-3.19.2-py3-none-any.whl (9.0 kB)
Installing collected packages: tbb, pytz, py-cpuinfo, mpmath, intel-openmp, zipp, urllib3, tzdata, typing-extensions, sympy, smmap, six, PyYAML, pyparsing, psutil, pillow, packaging, numpy, networkx, mkl, MarkupSafe, kiwisolver, idna, fsspec, fonttools, filelock, cycler, colorama, charset-normalizer, certifi, tqdm, scipy, requests, python-dateutil, opencv-python, jinja2, importlib-resources, gitdb, contourpy, torch, pandas, matplotlib, gitpython, ultralytics-thop, torchvision, thop, seaborn, ultralytics
Successfully installed MarkupSafe-2.1.5 PyYAML-6.0.1 certifi-2024.7.4 charset-normalizer-3.3.2 colorama-0.4.6 contourpy-1.2.1 cycler-0.12.1 filelock-3.15.4 fonttools-4.53.1 fsspec-2024.6.1 gitdb-4.0.11 gitpython-3.1.43 idna-3.7 importlib-resources-6.4.0 intel-openmp-2021.4.0 jinja2-3.1.4 kiwisolver-1.4.5 matplotlib-3.9.1 mkl-2021.4.0 mpmath-1.3.0 networkx-3.2.1 numpy-1.26.4 opencv-python-4.10.0.84 packaging-24.1 pandas-2.2.2 pillow-10.4.0 psutil-6.0.0 py-cpuinfo-9.0.0 pyparsing-3.1.2 python-dateutil-2.9.0.post0 pytz-2024.1 requests-2.32.3 scipy-1.13.1 seaborn-0.13.2 six-1.16.0 smmap-5.0.1 sympy-1.13.0 tbb-2021.13.0 thop-0.1.1.post2209072238 torch-2.3.1 torchvision-0.18.1 tqdm-4.66.4 typing-extensions-4.12.2 tzdata-2024.1 ultralytics-8.2.54 ultralytics-thop-2.0.0 urllib3-2.2.2 zipp-3.19.2
Requirement already satisfied: gitpython>=3.1.30 in c:\users\stavo\anaconda3\envs\les20\lib\site-packages (from -r requirements.txt (line 5)) (3.1.43)
Requirement already satisfied: matplotlib>=3.3 in c:\users\stavo\anaconda3\envs\les20\lib\site-packages (from -r requirements.txt (line 6)) (3.8.3)
Requirement already satisfied: numpy>=1.23.5 in c:\users\stavo\anaconda3\envs\les20\lib\site-packages (from -r requirements.txt (line 7)) (1.26.4)
Requirement already satisfied: opencv-python>=4.1.1 in c:\users\stavo\anaconda3\envs\les20\lib\site-packages (from -r requirements.txt (line 8)) (4.10.0.84)
Requirement already satisfied: pillow>=10.3.0 in c:\users\stavo\anaconda3\envs\les20\lib\site-packages (from -r requirements.txt (line 9)) (10.4.0)
Requirement already satisfied: psutil in c:\users\stavo\anaconda3\envs\les20\lib\site-packages (from -r requirements.txt (line 10)) (6.0.0)
Requirement already satisfied: PyYAML>=5.3.1 in c:\users\stavo\anaconda3\envs\les20\lib\site-packages (from -r requirements.txt (line 11)) (6.0.1)
Requirement already satisfied: requests>=2.32.0 in c:\users\stavo\anaconda3\envs\les20\lib\site-packages (from -r requirements.txt (line 12)) (2.32.3)
Requirement already satisfied: scipy>=1.4.1 in c:\users\stavo\anaconda3\envs\les20\lib\site-packages (from -r requirements.txt (line 13)) (1.14.0)
Collecting thop>=0.1.1 (from -r requirements.txt (line 14))
  Using cached thop-0.1.1.post2209072238-py3-none-any.whl.metadata (2.7 kB)
Requirement already satisfied: torch>=1.8.0 in c:\users\stavo\anaconda3\envs\les20\lib\site-packages (from -r requirements.txt (line 15)) (2.3.1)
Requirement already satisfied: torchvision>=0.9.0 in c:\users\stavo\anaconda3\envs\les20\lib\site-packages (from -r requirements.txt (line 16)) (0.18.1)
Requirement already satisfied: tqdm>=4.64.0 in c:\users\stavo\anaconda3\envs\les20\lib\site-packages (from -r requirements.txt (line 17)) (4.66.4)
Requirement already satisfied: ultralytics>=8.2.34 in c:\users\stavo\anaconda3\envs\les20\lib\site-packages (from -r requirements.txt (line 18)) (8.2.58)
Requirement already satisfied: pandas>=1.1.4 in c:\users\stavo\anaconda3\envs\les20\lib\site-packages (from -r requirements.txt (line 27)) (2.2.2)
Requirement already satisfied: seaborn>=0.11.0 in c:\users\stavo\anaconda3\envs\les20\lib\site-packages (from -r requirements.txt (line 28)) (0.13.2)
Collecting setuptools>=70.0.0 (from -r requirements.txt (line 42))
  Downloading setuptools-71.0.1-py3-none-any.whl.metadata (6.5 kB)
Requirement already satisfied: gitdb<5,>=4.0.1 in c:\users\stavo\anaconda3\envs\les20\lib\site-packages (from gitpython>=3.1.30->-r requirements.txt (line 5)) (4.0.11)
Requirement already satisfied: contourpy>=1.0.1 in c:\users\stavo\anaconda3\envs\les20\lib\site-packages (from matplotlib>=3.3->-r requirements.txt (line 6)) (1.2.1)
Requirement already satisfied: cycler>=0.10 in c:\users\stavo\anaconda3\envs\les20\lib\site-packages (from matplotlib>=3.3->-r requirements.txt (line 6)) (0.12.1)
Requirement already satisfied: fonttools>=4.22.0 in c:\users\stavo\anaconda3\envs\les20\lib\site-packages (from matplotlib>=3.3->-r requirements.txt (line 6)) (4.53.1)
Requirement already satisfied: kiwisolver>=1.3.1 in c:\users\stavo\anaconda3\envs\les20\lib\site-packages (from matplotlib>=3.3->-r requirements.txt (line 6)) (1.4.5)
Requirement already satisfied: packaging>=20.0 in c:\users\stavo\anaconda3\envs\les20\lib\site-packages (from matplotlib>=3.3->-r requirements.txt (line 6)) (24.1)
Requirement already satisfied: pyparsing>=2.3.1 in c:\users\stavo\anaconda3\envs\les20\lib\site-packages (from matplotlib>=3.3->-r requirements.txt (line 6)) (3.1.2)
Requirement already satisfied: python-dateutil>=2.7 in c:\users\stavo\anaconda3\envs\les20\lib\site-packages (from matplotlib>=3.3->-r requirements.txt (line 6)) (2.9.0.post0)
Requirement already satisfied: charset-normalizer<4,>=2 in c:\users\stavo\anaconda3\envs\les20\lib\site-packages (from requests>=2.32.0->-r requirements.txt (line 12)) (3.3.2)
Requirement already satisfied: idna<4,>=2.5 in c:\users\stavo\anaconda3\envs\les20\lib\site-packages (from requests>=2.32.0->-r requirements.txt (line 12)) (3.7)
Requirement already satisfied: urllib3<3,>=1.21.1 in c:\users\stavo\anaconda3\envs\les20\lib\site-packages (from requests>=2.32.0->-r requirements.txt (line 12)) (2.2.2)
Requirement already satisfied: certifi>=2017.4.17 in c:\users\stavo\anaconda3\envs\les20\lib\site-packages (from requests>=2.32.0->-r requirements.txt (line 12)) (2024.7.4)
Requirement already satisfied: filelock in c:\users\stavo\anaconda3\envs\les20\lib\site-packages (from torch>=1.8.0->-r requirements.txt (line 15)) (3.15.4)
Requirement already satisfied: typing-extensions>=4.8.0 in c:\users\stavo\anaconda3\envs\les20\lib\site-packages (from torch>=1.8.0->-r requirements.txt (line 15)) (4.12.2)
Requirement already satisfied: sympy in c:\users\stavo\anaconda3\envs\les20\lib\site-packages (from torch>=1.8.0->-r requirements.txt (line 15)) (1.13.0)
Requirement already satisfied: networkx in c:\users\stavo\anaconda3\envs\les20\lib\site-packages (from torch>=1.8.0->-r requirements.txt (line 15)) (3.3)
Requirement already satisfied: jinja2 in c:\users\stavo\anaconda3\envs\les20\lib\site-packages (from torch>=1.8.0->-r requirements.txt (line 15)) (3.1.4)
Requirement already satisfied: fsspec in c:\users\stavo\anaconda3\envs\les20\lib\site-packages (from torch>=1.8.0->-r requirements.txt (line 15)) (2024.6.1)
Requirement already satisfied: mkl<=2021.4.0,>=2021.1.1 in c:\users\stavo\anaconda3\envs\les20\lib\site-packages (from torch>=1.8.0->-r requirements.txt (line 15)) (2021.4.0)
Requirement already satisfied: colorama in c:\users\stavo\anaconda3\envs\les20\lib\site-packages (from tqdm>=4.64.0->-r requirements.txt (line 17)) (0.4.6)
Requirement already satisfied: py-cpuinfo in c:\users\stavo\anaconda3\envs\les20\lib\site-packages (from ultralytics>=8.2.34->-r requirements.txt (line 18)) (9.0.0)
Requirement already satisfied: ultralytics-thop>=2.0.0 in c:\users\stavo\anaconda3\envs\les20\lib\site-packages (from ultralytics>=8.2.34->-r requirements.txt (line 18)) (2.0.0)
Requirement already satisfied: pytz>=2020.1 in c:\users\stavo\anaconda3\envs\les20\lib\site-packages (from pandas>=1.1.4->-r requirements.txt (line 27)) (2024.1)
Requirement already satisfied: tzdata>=2022.7 in c:\users\stavo\anaconda3\envs\les20\lib\site-packages (from pandas>=1.1.4->-r requirements.txt (line 27)) (2024.1)
Requirement already satisfied: smmap<6,>=3.0.1 in c:\users\stavo\anaconda3\envs\les20\lib\site-packages (from gitdb<5,>=4.0.1->gitpython>=3.1.30->-r requirements.txt (line 5)) (5.0.1)
Requirement already satisfied: intel-openmp==2021.* in c:\users\stavo\anaconda3\envs\les20\lib\site-packages (from mkl<=2021.4.0,>=2021.1.1->torch>=1.8.0->-r requirements.txt (line 15)) (2021.4.0)
Requirement already satisfied: tbb==2021.* in c:\users\stavo\anaconda3\envs\les20\lib\site-packages (from mkl<=2021.4.0,>=2021.1.1->torch>=1.8.0->-r requirements.txt (line 15)) (2021.13.0)
Requirement already satisfied: six>=1.5 in c:\users\stavo\anaconda3\envs\les20\lib\site-packages (from python-dateutil>=2.7->matplotlib>=3.3->-r requirements.txt (line 6)) (1.16.0)
Requirement already satisfied: MarkupSafe>=2.0 in c:\users\stavo\anaconda3\envs\les20\lib\site-packages (from jinja2->torch>=1.8.0->-r requirements.txt (line 15)) (2.1.5)
Requirement already satisfied: mpmath<1.4,>=1.1.0 in c:\users\stavo\anaconda3\envs\les20\lib\site-packages (from sympy->torch>=1.8.0->-r requirements.txt (line 15)) (1.3.0)
Using cached thop-0.1.1.post2209072238-py3-none-any.whl (15 kB)
Downloading setuptools-71.0.1-py3-none-any.whl (2.2 MB)
   ---------------------------------------- 2.2/2.2 MB 8.4 MB/s eta 0:00:00
Installing collected packages: setuptools, thop
  Attempting uninstall: setuptools
    Found existing installation: setuptools 69.5.1
    Uninstalling setuptools-69.5.1:
      Successfully uninstalled setuptools-69.5.1
Successfully installed setuptools-71.0.1 thop-0.1.1.post2209072238
Requirement already satisfied: gitpython>=3.1.30 in c:\users\stavo\anaconda3\envs\les20\lib\site-packages (from -r requirements.txt (line 5)) (3.1.43)
Requirement already satisfied: matplotlib>=3.3 in c:\users\stavo\anaconda3\envs\les20\lib\site-packages (from -r requirements.txt (line 6)) (3.8.3)
Requirement already satisfied: numpy>=1.23.5 in c:\users\stavo\anaconda3\envs\les20\lib\site-packages (from -r requirements.txt (line 7)) (1.26.4)
Requirement already satisfied: opencv-python>=4.1.1 in c:\users\stavo\anaconda3\envs\les20\lib\site-packages (from -r requirements.txt (line 8)) (4.10.0.84)
Requirement already satisfied: pillow>=10.3.0 in c:\users\stavo\anaconda3\envs\les20\lib\site-packages (from -r requirements.txt (line 9)) (10.4.0)
Requirement already satisfied: psutil in c:\users\stavo\anaconda3\envs\les20\lib\site-packages (from -r requirements.txt (line 10)) (6.0.0)
Requirement already satisfied: PyYAML>=5.3.1 in c:\users\stavo\anaconda3\envs\les20\lib\site-packages (from -r requirements.txt (line 11)) (6.0.1)
Requirement already satisfied: requests>=2.32.0 in c:\users\stavo\anaconda3\envs\les20\lib\site-packages (from -r requirements.txt (line 12)) (2.32.3)
Requirement already satisfied: scipy>=1.4.1 in c:\users\stavo\anaconda3\envs\les20\lib\site-packages (from -r requirements.txt (line 13)) (1.14.0)
Requirement already satisfied: thop>=0.1.1 in c:\users\stavo\anaconda3\envs\les20\lib\site-packages (from -r requirements.txt (line 14)) (0.1.1.post2209072238)
Requirement already satisfied: torch>=1.8.0 in c:\users\stavo\anaconda3\envs\les20\lib\site-packages (from -r requirements.txt (line 15)) (2.3.1)
Requirement already satisfied: torchvision>=0.9.0 in c:\users\stavo\anaconda3\envs\les20\lib\site-packages (from -r requirements.txt (line 16)) (0.18.1)
Requirement already satisfied: tqdm>=4.64.0 in c:\users\stavo\anaconda3\envs\les20\lib\site-packages (from -r requirements.txt (line 17)) (4.66.4)
Requirement already satisfied: ultralytics>=8.2.34 in c:\users\stavo\anaconda3\envs\les20\lib\site-packages (from -r requirements.txt (line 18)) (8.2.58)
Requirement already satisfied: pandas>=1.1.4 in c:\users\stavo\anaconda3\envs\les20\lib\site-packages (from -r requirements.txt (line 27)) (2.2.2)
Requirement already satisfied: seaborn>=0.11.0 in c:\users\stavo\anaconda3\envs\les20\lib\site-packages (from -r requirements.txt (line 28)) (0.13.2)
Requirement already satisfied: setuptools>=70.0.0 in c:\users\stavo\anaconda3\envs\les20\lib\site-packages (from -r requirements.txt (line 42)) (71.0.1)
Requirement already satisfied: gitdb<5,>=4.0.1 in c:\users\stavo\anaconda3\envs\les20\lib\site-packages (from gitpython>=3.1.30->-r requirements.txt (line 5)) (4.0.11)
Requirement already satisfied: contourpy>=1.0.1 in c:\users\stavo\anaconda3\envs\les20\lib\site-packages (from matplotlib>=3.3->-r requirements.txt (line 6)) (1.2.1)
Requirement already satisfied: cycler>=0.10 in c:\users\stavo\anaconda3\envs\les20\lib\site-packages (from matplotlib>=3.3->-r requirements.txt (line 6)) (0.12.1)
Requirement already satisfied: fonttools>=4.22.0 in c:\users\stavo\anaconda3\envs\les20\lib\site-packages (from matplotlib>=3.3->-r requirements.txt (line 6)) (4.53.1)
Requirement already satisfied: kiwisolver>=1.3.1 in c:\users\stavo\anaconda3\envs\les20\lib\site-packages (from matplotlib>=3.3->-r requirements.txt (line 6)) (1.4.5)
Requirement already satisfied: packaging>=20.0 in c:\users\stavo\anaconda3\envs\les20\lib\site-packages (from matplotlib>=3.3->-r requirements.txt (line 6)) (24.1)
Requirement already satisfied: pyparsing>=2.3.1 in c:\users\stavo\anaconda3\envs\les20\lib\site-packages (from matplotlib>=3.3->-r requirements.txt (line 6)) (3.1.2)
Requirement already satisfied: python-dateutil>=2.7 in c:\users\stavo\anaconda3\envs\les20\lib\site-packages (from matplotlib>=3.3->-r requirements.txt (line 6)) (2.9.0.post0)
Requirement already satisfied: charset-normalizer<4,>=2 in c:\users\stavo\anaconda3\envs\les20\lib\site-packages (from requests>=2.32.0->-r requirements.txt (line 12)) (3.3.2)
Requirement already satisfied: idna<4,>=2.5 in c:\users\stavo\anaconda3\envs\les20\lib\site-packages (from requests>=2.32.0->-r requirements.txt (line 12)) (3.7)
Requirement already satisfied: urllib3<3,>=1.21.1 in c:\users\stavo\anaconda3\envs\les20\lib\site-packages (from requests>=2.32.0->-r requirements.txt (line 12)) (2.2.2)
Requirement already satisfied: certifi>=2017.4.17 in c:\users\stavo\anaconda3\envs\les20\lib\site-packages (from requests>=2.32.0->-r requirements.txt (line 12)) (2024.7.4)
Requirement already satisfied: filelock in c:\users\stavo\anaconda3\envs\les20\lib\site-packages (from torch>=1.8.0->-r requirements.txt (line 15)) (3.15.4)
Requirement already satisfied: typing-extensions>=4.8.0 in c:\users\stavo\anaconda3\envs\les20\lib\site-packages (from torch>=1.8.0->-r requirements.txt (line 15)) (4.12.2)
Requirement already satisfied: sympy in c:\users\stavo\anaconda3\envs\les20\lib\site-packages (from torch>=1.8.0->-r requirements.txt (line 15)) (1.13.0)
Requirement already satisfied: networkx in c:\users\stavo\anaconda3\envs\les20\lib\site-packages (from torch>=1.8.0->-r requirements.txt (line 15)) (3.3)
Requirement already satisfied: jinja2 in c:\users\stavo\anaconda3\envs\les20\lib\site-packages (from torch>=1.8.0->-r requirements.txt (line 15)) (3.1.4)
Requirement already satisfied: fsspec in c:\users\stavo\anaconda3\envs\les20\lib\site-packages (from torch>=1.8.0->-r requirements.txt (line 15)) (2024.6.1)
Requirement already satisfied: mkl<=2021.4.0,>=2021.1.1 in c:\users\stavo\anaconda3\envs\les20\lib\site-packages (from torch>=1.8.0->-r requirements.txt (line 15)) (2021.4.0)
Requirement already satisfied: colorama in c:\users\stavo\anaconda3\envs\les20\lib\site-packages (from tqdm>=4.64.0->-r requirements.txt (line 17)) (0.4.6)
Requirement already satisfied: py-cpuinfo in c:\users\stavo\anaconda3\envs\les20\lib\site-packages (from ultralytics>=8.2.34->-r requirements.txt (line 18)) (9.0.0)
Requirement already satisfied: ultralytics-thop>=2.0.0 in c:\users\stavo\anaconda3\envs\les20\lib\site-packages (from ultralytics>=8.2.34->-r requirements.txt (line 18)) (2.0.0)
Requirement already satisfied: pytz>=2020.1 in c:\users\stavo\anaconda3\envs\les20\lib\site-packages (from pandas>=1.1.4->-r requirements.txt (line 27)) (2024.1)
Requirement already satisfied: tzdata>=2022.7 in c:\users\stavo\anaconda3\envs\les20\lib\site-packages (from pandas>=1.1.4->-r requirements.txt (line 27)) (2024.1)
Requirement already satisfied: smmap<6,>=3.0.1 in c:\users\stavo\anaconda3\envs\les20\lib\site-packages (from gitdb<5,>=4.0.1->gitpython>=3.1.30->-r requirements.txt (line 5)) (5.0.1)
Requirement already satisfied: intel-openmp==2021.* in c:\users\stavo\anaconda3\envs\les20\lib\site-packages (from mkl<=2021.4.0,>=2021.1.1->torch>=1.8.0->-r requirements.txt (line 15)) (2021.4.0)
Requirement already satisfied: tbb==2021.* in c:\users\stavo\anaconda3\envs\les20\lib\site-packages (from mkl<=2021.4.0,>=2021.1.1->torch>=1.8.0->-r requirements.txt (line 15)) (2021.13.0)
Requirement already satisfied: six>=1.5 in c:\users\stavo\anaconda3\envs\les20\lib\site-packages (from python-dateutil>=2.7->matplotlib>=3.3->-r requirements.txt (line 6)) (1.16.0)
Requirement already satisfied: MarkupSafe>=2.0 in c:\users\stavo\anaconda3\envs\les20\lib\site-packages (from jinja2->torch>=1.8.0->-r requirements.txt (line 15)) (2.1.5)
Requirement already satisfied: mpmath<1.4,>=1.1.0 in c:\users\stavo\anaconda3\envs\les20\lib\site-packages (from sympy->torch>=1.8.0->-r requirements.txt (line 15)) (1.3.0)
